app/build/outputs/logs/manifest-merger-debug-report.txt
-- Merging decision tree log ---
manifest
ADDED from src/main/AndroidManifest.xml:2:1-26:12
	package
		ADDED from src/main/AndroidManifest.xml:3:5-42
		INJECTED from src/main/AndroidManifest.xml
		INJECTED from src/main/AndroidManifest.xml
	android:versionName
		INJECTED from src/main/AndroidManifest.xml
		INJECTED from src/main/AndroidManifest.xml
	xmlns:android
		ADDED from src/main/AndroidManifest.xml:2:11-69
	android:versionCode
		INJECTED from src/main/AndroidManifest.xml
		INJECTED from src/main/AndroidManifest.xml
uses-permission#android.permission.INTERNET
ADDED from src/main/AndroidManifest.xml:4:1-62
	android:name
		ADDED from src/main/AndroidManifest.xml:4:18-60
application
ADDED from src/main/AndroidManifest.xml:5:5-24:19
MERGED from [com.android.support:appcompat-v7:23.4.0] AndroidManifest.xml:25:5-20
MERGED from [com.android.support:animated-vector-drawable:23.4.0] AndroidManifest.xml:7:5-20
MERGED from [com.android.support:support-vector-drawable:23.4.0] AndroidManifest.xml:7:5-20
MERGED from [com.android.support:support-v4:23.4.0] AndroidManifest.xml:22:5-20
MERGED from [com.android.support:support-v4:23.4.0] AndroidManifest.xml:22:5-20
MERGED from [com.android.support:support-vector-drawable:23.4.0] AndroidManifest.xml:7:5-20
MERGED from [com.android.support:support-v4:23.4.0] AndroidManifest.xml:22:5-20
	android:label
		ADDED from src/main/AndroidManifest.xml:8:9-41
	android:supportsRtl
		ADDED from src/main/AndroidManifest.xml:9:9-35
	android:allowBackup
		ADDED from src/main/AndroidManifest.xml:6:9-35
	android:icon
		ADDED from src/main/AndroidManifest.xml:7:9-43
	android:theme
		ADDED from src/main/AndroidManifest.xml:10:9-40
activity#com.example.leon.creatplant.MainActivity
ADDED from src/main/AndroidManifest.xml:11:9-13:20
	android:name
		ADDED from src/main/AndroidManifest.xml:11:19-47
activity#com.example.leon.creatplant.CreatPlant1
ADDED from src/main/AndroidManifest.xml:14:9-20:20
	android:name
		ADDED from src/main/AndroidManifest.xml:14:19-46
intent-filter#android.intent.action.MAIN+android.intent.category.LAUNCHER
ADDED from src/main/AndroidManifest.xml:15:13-19:29
action#android.intent.action.MAIN
ADDED from src/main/AndroidManifest.xml:16:17-69
	android:name
		ADDED from src/main/AndroidManifest.xml:16:25-66
category#android.intent.category.LAUNCHER
ADDED from src/main/AndroidManifest.xml:18:17-77
	android:name
		ADDED from src/main/AndroidManifest.xml:18:27-74
activity#com.example.leon.creatplant.CreatPlant2
ADDED from src/main/AndroidManifest.xml:21:9-23:20
	android:name
		ADDED from src/main/AndroidManifest.xml:21:19-46
uses-sdk
INJECTED from src/main/AndroidManifest.xml reason: use-sdk injection requested
MERGED from [com.android.support:appcompat-v7:23.4.0] AndroidManifest.xml:21:5-23:78
MERGED from [com.android.support:animated-vector-drawable:23.4.0] AndroidManifest.xml:5:5-44
MERGED from [com.android.support:support-vector-drawable:23.4.0] AndroidManifest.xml:5:5-43
MERGED from [com.android.support:support-v4:23.4.0] AndroidManifest.xml:20:5-43
MERGED from [com.android.support:support-v4:23.4.0] AndroidManifest.xml:20:5-43
MERGED from [com.android.support:support-vector-drawable:23.4.0] AndroidManifest.xml:5:5-43
MERGED from [com.android.support:support-v4:23.4.0] AndroidManifest.xml:20:5-43
	tools:overrideLibrary
		ADDED from [com.android.support:appcompat-v7:23.4.0] AndroidManifest.xml:23:9-75
	android:targetSdkVersion
		INJECTED from src/main/AndroidManifest.xml
		INJECTED from src/main/AndroidManifest.xml
	android:minSdkVersion
		INJECTED from src/main/AndroidManifest.xml
		INJECTED from src/main/AndroidManifest.xml